<?xml version="1.0" encoding="UTF-8"?>
<!-- Generated by org.testng.reporters.JUnitXMLReporter -->
<testsuite ignored="0" hostname="LAPTOP-L36TRD7L" failures="0" tests="6" name="Test" time="53.47" errors="0" timestamp="2022-06-30T14:44:19 IST">
  <testcase classname="utilities.BaseClass1" name="login_ActiTime" time="0.746"/>
  <testcase classname="entertimrtrack.CreateCustomer" name="createTasks" time="19.76"/>
  <testcase classname="entertimrtrack.CreateCustomer" name="createTasks" time="8.841"/>
  <testcase classname="entertimrtrack.CreateCustomer" name="createTasks" time="8.045"/>
  <testcase classname="entertimrtrack.CreateCustomer" name="createTasks" time="7.461"/>
  <testcase classname="entertimrtrack.CreateCustomer" name="createTasks" time="8.412"/>
</testsuite> <!-- Test -->
