<?xml version="1.0" encoding="UTF-8"?>
<!-- Generated by org.testng.reporters.JUnitXMLReporter -->
<testsuite ignored="0" hostname="LAPTOP-L36TRD7L" failures="0" tests="6" name="Test" time="45.759" errors="0" timestamp="2022-06-30T07:01:41 IST">
  <testcase classname="utilities.BaseClass1" name="login_ActiTime" time="0.418"/>
  <testcase classname="entertimrtrack.CreateCustomer" name="createTasks" time="17.226"/>
  <testcase classname="entertimrtrack.CreateCustomer" name="createTasks" time="7.218"/>
  <testcase classname="entertimrtrack.CreateCustomer" name="createTasks" time="7.226"/>
  <testcase classname="entertimrtrack.CreateCustomer" name="createTasks" time="6.955"/>
  <testcase classname="entertimrtrack.CreateCustomer" name="createTasks" time="6.637"/>
</testsuite> <!-- Test -->
