<?xml version="1.0" encoding="UTF-8"?>
<testng-results ignored="0" total="6" passed="6" failed="0" skipped="0">
  <reporter-output>
  </reporter-output>
  <suite started-at="2022-06-30T07:00:55 IST" name="Suite" finished-at="2022-06-30T07:01:41 IST" duration-ms="45759">
    <groups>
      <group name="Regression">
        <method signature="BaseClass1.login_ActiTime()[pri:1, instance:entertimrtrack.CreateCustomer@4ef37659]" name="login_ActiTime" class="utilities.BaseClass1"/>
        <method signature="CreateCustomer.createTasks(java.lang.String)[pri:2, instance:entertimrtrack.CreateCustomer@4ef37659]" name="createTasks" class="entertimrtrack.CreateCustomer"/>
      </group> <!-- Regression -->
      <group name="Smoke">
        <method signature="CreateCustomer.createTasks(java.lang.String)[pri:2, instance:entertimrtrack.CreateCustomer@4ef37659]" name="createTasks" class="entertimrtrack.CreateCustomer"/>
      </group> <!-- Smoke -->
    </groups>
    <test started-at="2022-06-30T07:00:55 IST" name="Test" finished-at="2022-06-30T07:01:41 IST" duration-ms="45759">
      <class name="entertimrtrack.CreateCustomer">
        <test-method is-config="true" signature="initialSetUp()[pri:0, instance:entertimrtrack.CreateCustomer@4ef37659]" started-at="2022-06-30T07:00:46 IST" name="initialSetUp" finished-at="2022-06-30T07:00:55 IST" duration-ms="8852" status="PASS">
          <reporter-output>
          </reporter-output>
        </test-method> <!-- initialSetUp -->
        <test-method is-config="true" signature="setUp()[pri:0, instance:entertimrtrack.CreateCustomer@4ef37659]" started-at="2022-06-30T07:00:55 IST" name="setUp" finished-at="2022-06-30T07:00:55 IST" duration-ms="37" status="PASS">
          <reporter-output>
          </reporter-output>
        </test-method> <!-- setUp -->
        <test-method signature="login_ActiTime()[pri:1, instance:entertimrtrack.CreateCustomer@4ef37659]" started-at="2022-06-30T07:00:55 IST" name="login_ActiTime" finished-at="2022-06-30T07:00:56 IST" duration-ms="418" status="PASS">
          <reporter-output>
          </reporter-output>
        </test-method> <!-- login_ActiTime -->
        <test-method signature="createTasks(java.lang.String)[pri:2, instance:entertimrtrack.CreateCustomer@4ef37659]" started-at="2022-06-30T07:00:56 IST" name="createTasks" data-provider="TaskCreation" finished-at="2022-06-30T07:01:13 IST" duration-ms="17226" status="PASS">
          <params>
            <param index="0">
              <value>
                <![CDATA[Usha]]>
              </value>
            </param>
          </params>
          <reporter-output>
          </reporter-output>
        </test-method> <!-- createTasks -->
        <test-method signature="createTasks(java.lang.String)[pri:2, instance:entertimrtrack.CreateCustomer@4ef37659]" started-at="2022-06-30T07:01:13 IST" name="createTasks" data-provider="TaskCreation" finished-at="2022-06-30T07:01:20 IST" duration-ms="7218" status="PASS">
          <params>
            <param index="0">
              <value>
                <![CDATA[rani]]>
              </value>
            </param>
          </params>
          <reporter-output>
          </reporter-output>
        </test-method> <!-- createTasks -->
        <test-method signature="createTasks(java.lang.String)[pri:2, instance:entertimrtrack.CreateCustomer@4ef37659]" started-at="2022-06-30T07:01:20 IST" name="createTasks" data-provider="TaskCreation" finished-at="2022-06-30T07:01:27 IST" duration-ms="7226" status="PASS">
          <params>
            <param index="0">
              <value>
                <![CDATA[bhoomula]]>
              </value>
            </param>
          </params>
          <reporter-output>
          </reporter-output>
        </test-method> <!-- createTasks -->
        <test-method signature="createTasks(java.lang.String)[pri:2, instance:entertimrtrack.CreateCustomer@4ef37659]" started-at="2022-06-30T07:01:27 IST" name="createTasks" data-provider="TaskCreation" finished-at="2022-06-30T07:01:34 IST" duration-ms="6955" status="PASS">
          <params>
            <param index="0">
              <value>
                <![CDATA[pr]]>
              </value>
            </param>
          </params>
          <reporter-output>
          </reporter-output>
        </test-method> <!-- createTasks -->
        <test-method signature="createTasks(java.lang.String)[pri:2, instance:entertimrtrack.CreateCustomer@4ef37659]" started-at="2022-06-30T07:01:34 IST" name="createTasks" data-provider="TaskCreation" finished-at="2022-06-30T07:01:41 IST" duration-ms="6637" status="PASS">
          <params>
            <param index="0">
              <value>
                <![CDATA[pu]]>
              </value>
            </param>
          </params>
          <reporter-output>
          </reporter-output>
        </test-method> <!-- createTasks -->
        <test-method is-config="true" signature="closeConnection()[pri:0, instance:entertimrtrack.CreateCustomer@4ef37659]" started-at="2022-06-30T07:01:41 IST" name="closeConnection" finished-at="2022-06-30T07:01:48 IST" duration-ms="6594" status="FAIL">
          <exception class="java.lang.NullPointerException">
            <full-stacktrace>
              <![CDATA[java.lang.NullPointerException
at utilities.BaseClass1.closeConnection(BaseClass1.java:136)
at java.base/jdk.internal.reflect.NativeMethodAccessorImpl.invoke0(Native Method)
at java.base/jdk.internal.reflect.NativeMethodAccessorImpl.invoke(NativeMethodAccessorImpl.java:62)
at java.base/jdk.internal.reflect.DelegatingMethodAccessorImpl.invoke(DelegatingMethodAccessorImpl.java:43)
at java.base/java.lang.reflect.Method.invoke(Method.java:566)
at org.testng.internal.MethodInvocationHelper.invokeMethod(MethodInvocationHelper.java:134)
at org.testng.internal.MethodInvocationHelper.invokeMethodConsideringTimeout(MethodInvocationHelper.java:63)
at org.testng.internal.ConfigInvoker.invokeConfigurationMethod(ConfigInvoker.java:348)
at org.testng.internal.ConfigInvoker.invokeConfigurations(ConfigInvoker.java:302)
at org.testng.SuiteRunner.privateRun(SuiteRunner.java:351)
at org.testng.SuiteRunner.run(SuiteRunner.java:286)
at org.testng.SuiteRunnerWorker.runSuite(SuiteRunnerWorker.java:53)
at org.testng.SuiteRunnerWorker.run(SuiteRunnerWorker.java:96)
at org.testng.TestNG.runSuitesSequentially(TestNG.java:1187)
at org.testng.TestNG.runSuitesLocally(TestNG.java:1109)
at org.testng.TestNG.runSuites(TestNG.java:1039)
at org.testng.TestNG.run(TestNG.java:1007)
at org.apache.maven.surefire.testng.TestNGExecutor.run(TestNGExecutor.java:324)
at org.apache.maven.surefire.testng.TestNGXmlTestSuite.execute(TestNGXmlTestSuite.java:74)
at org.apache.maven.surefire.testng.TestNGProvider.invoke(TestNGProvider.java:123)
at org.apache.maven.surefire.booter.ForkedBooter.runSuitesInProcess(ForkedBooter.java:456)
at org.apache.maven.surefire.booter.ForkedBooter.execute(ForkedBooter.java:169)
at org.apache.maven.surefire.booter.ForkedBooter.run(ForkedBooter.java:595)
at org.apache.maven.surefire.booter.ForkedBooter.main(ForkedBooter.java:581)
]]>
            </full-stacktrace>
          </exception> <!-- java.lang.NullPointerException -->
          <reporter-output>
          </reporter-output>
        </test-method> <!-- closeConnection -->
      </class> <!-- entertimrtrack.CreateCustomer -->
    </test> <!-- Test -->
  </suite> <!-- Suite -->
</testng-results>
