<?xml version="1.0" encoding="UTF-8"?>
<testsuite xmlns:xsi="http://www.w3.org/2001/XMLSchema-instance" xsi:noNamespaceSchemaLocation="https://maven.apache.org/surefire/maven-surefire-plugin/xsd/surefire-test-report-3.0.xsd" version="3.0" name="TestSuite" time="61.647" tests="7" errors="0" skipped="0" failures="1">
  <properties>
[...]
</properties>
  <testcase name="login_ActiTime" classname="entertimrtrack.CreateCustomer" time="0.419">
    <system-out><![CDATA[We navigated to SignIn Page
]]></system-out>
    <system-err><![CDATA[Starting ChromeDriver 103.0.5060.53 (a1711811edd74ff1cf2150f36ffa3b0dae40b17f-refs/branch-heads/5060@{#853}) on port 31834
Only local connections are allowed.
Please see https://chromedriver.chromium.org/security-considerations for suggestions on keeping ChromeDriver safe.
ChromeDriver was started successfully.
Jun 30, 2022 7:00:48 AM org.openqa.selenium.remote.ProtocolHandshake createSession
INFO: Detected dialect: W3C
]]></system-err>
  </testcase>
  <testcase name="createTasks[Usha](1)" classname="entertimrtrack.CreateCustomer" time="17.225">
    <system-out><![CDATA[registerData method
6=========1
getting out from Data Provider registerData
Flight operations
Spaceship building
Spaceship testing
tasksCount_first.size()==> 20
2022-06-30 07:01:12.525
]]></system-out>
  </testcase>
  <testcase name="createTasks[rani](2)" classname="entertimrtrack.CreateCustomer" time="7.219">
    <system-out><![CDATA[Flight operations
Spaceship building
Spaceship testing
tasksCount_first.size()==> 20
2022-06-30 07:01:19.831
]]></system-out>
  </testcase>
  <testcase name="createTasks[bhoomula](3)" classname="entertimrtrack.CreateCustomer" time="7.227">
    <system-out><![CDATA[Flight operations
Spaceship building
Spaceship testing
tasksCount_first.size()==> 20
2022-06-30 07:01:26.987
]]></system-out>
  </testcase>
  <testcase name="createTasks[pr](4)" classname="entertimrtrack.CreateCustomer" time="6.955">
    <system-out><![CDATA[Flight operations
Spaceship building
Spaceship testing
tasksCount_first.size()==> 19
2022-06-30 07:01:33.566
]]></system-out>
  </testcase>
  <testcase name="createTasks[pu](5)" classname="entertimrtrack.CreateCustomer" time="6.638">
    <system-out><![CDATA[Flight operations
Spaceship building
Spaceship testing
tasksCount_first.size()==> 19
2022-06-30 07:01:40.649
]]></system-out>
  </testcase>
  <testcase name="closeConnection" classname="entertimrtrack.CreateCustomer" time="13.335">
    <failure type="java.lang.NullPointerException"><![CDATA[java.lang.NullPointerException
	at utilities.BaseClass1.closeConnection(BaseClass1.java:136)
	at java.base/jdk.internal.reflect.NativeMethodAccessorImpl.invoke0(Native Method)
	at java.base/jdk.internal.reflect.NativeMethodAccessorImpl.invoke(NativeMethodAccessorImpl.java:62)
	at java.base/jdk.internal.reflect.DelegatingMethodAccessorImpl.invoke(DelegatingMethodAccessorImpl.java:43)
	at java.base/java.lang.reflect.Method.invoke(Method.java:566)
	at org.testng.internal.MethodInvocationHelper.invokeMethod(MethodInvocationHelper.java:134)
	at org.testng.internal.MethodInvocationHelper.invokeMethodConsideringTimeout(MethodInvocationHelper.java:63)
	at org.testng.internal.ConfigInvoker.invokeConfigurationMethod(ConfigInvoker.java:348)
	at org.testng.internal.ConfigInvoker.invokeConfigurations(ConfigInvoker.java:302)
	at org.testng.SuiteRunner.privateRun(SuiteRunner.java:351)
	at org.testng.SuiteRunner.run(SuiteRunner.java:286)
	at org.testng.SuiteRunnerWorker.runSuite(SuiteRunnerWorker.java:53)
	at org.testng.SuiteRunnerWorker.run(SuiteRunnerWorker.java:96)
	at org.testng.TestNG.runSuitesSequentially(TestNG.java:1187)
	at org.testng.TestNG.runSuitesLocally(TestNG.java:1109)
	at org.testng.TestNG.runSuites(TestNG.java:1039)
	at org.testng.TestNG.run(TestNG.java:1007)
	at org.apache.maven.surefire.testng.TestNGExecutor.run(TestNGExecutor.java:324)
	at org.apache.maven.surefire.testng.TestNGXmlTestSuite.execute(TestNGXmlTestSuite.java:74)
	at org.apache.maven.surefire.testng.TestNGProvider.invoke(TestNGProvider.java:123)
	at org.apache.maven.surefire.booter.ForkedBooter.runSuitesInProcess(ForkedBooter.java:456)
	at org.apache.maven.surefire.booter.ForkedBooter.execute(ForkedBooter.java:169)
	at org.apache.maven.surefire.booter.ForkedBooter.run(ForkedBooter.java:595)
	at org.apache.maven.surefire.booter.ForkedBooter.main(ForkedBooter.java:581)
]]></failure>
    <system-out><![CDATA[We navigated to SignIn Page
]]></system-out>
  </testcase>
</testsuite>